<?xml version='1.0' encoding='UTF-8'?>
<!DOCTYPE coverage SYSTEM 'http://cobertura.sourceforge.net/xml/coverage-04.dtd'>
<coverage line-rate="0.6031468531468531" branch-rate="0.3968253968253968" lines-covered="345" lines-valid="572" branches-covered="100" branches-valid="252" complexity="0.0" timestamp="1632549295" version="gcovr 5.0">
  <sources>
    <source>src/</source>
  </sources>
  <packages>
    <package name="" line-rate="0.6031468531468531" branch-rate="0.3968253968253968" complexity="0.0">
      <classes>
        <class name="redis_ipc_c" filename="redis_ipc.c" line-rate="0.6031468531468531" branch-rate="0.3968253968253968" complexity="0.0">
          <methods/>
          <lines>
            <line number="44" hits="68" branch="false"/>
            <line number="46" hits="68" branch="false"/>
            <line number="48" hits="68" branch="true" condition-coverage="50% (2/4)">
              <conditions>
                <condition number="0" type="jump" coverage="50%"/>
              </conditions>
            </line>
            <line number="50" hits="68" branch="false"/>
            <line number="53" hits="0" branch="false"/>
            <line number="89" hits="25" branch="false"/>
            <line number="93" hits="25" branch="false"/>
            <line number="94" hits="25" branch="false"/>
            <line number="96" hits="25" branch="true" condition-coverage="100% (2/2)">
              <conditions>
                <condition number="0" type="jump" coverage="100%"/>
              </conditions>
            </line>
            <line number="98" hits="10" branch="false"/>
            <line number="102" hits="15" branch="false"/>
            <line number="103" hits="15" branch="false"/>
            <line number="106" hits="25" branch="true" condition-coverage="50% (1/2)">
              <conditions>
                <condition number="0" type="jump" coverage="50%"/>
              </conditions>
            </line>
            <line number="108" hits="25" branch="false"/>
            <line number="116" hits="25" branch="false"/>
            <line number="120" hits="25" branch="false"/>
            <line number="121" hits="0" branch="false"/>
            <line number="123" hits="0" branch="false"/>
            <line number="127" hits="25" branch="true" condition-coverage="50% (2/4)">
              <conditions>
                <condition number="0" type="jump" coverage="50%"/>
              </conditions>
            </line>
            <line number="129" hits="25" branch="false"/>
            <line number="132" hits="25" branch="false"/>
            <line number="135" hits="6" branch="false"/>
            <line number="137" hits="6" branch="true" condition-coverage="50% (1/2)">
              <conditions>
                <condition number="0" type="jump" coverage="50%"/>
              </conditions>
            </line>
            <line number="138" hits="6" branch="true" condition-coverage="50% (1/2)">
              <conditions>
                <condition number="0" type="jump" coverage="50%"/>
              </conditions>
            </line>
            <line number="139" hits="6" branch="true" condition-coverage="50% (1/2)">
              <conditions>
                <condition number="0" type="jump" coverage="50%"/>
              </conditions>
            </line>
            <line number="140" hits="6" branch="true" condition-coverage="50% (1/2)">
              <conditions>
                <condition number="0" type="jump" coverage="50%"/>
              </conditions>
            </line>
            <line number="143" hits="6" branch="false"/>
            <line number="145" hits="6" branch="false"/>
            <line number="148" hits="6" branch="false"/>
            <line number="150" hits="6" branch="false"/>
            <line number="152" hits="6" branch="false"/>
            <line number="154" hits="6" branch="false"/>
            <line number="156" hits="6" branch="true" condition-coverage="50% (1/2)">
              <conditions>
                <condition number="0" type="jump" coverage="50%"/>
              </conditions>
            </line>
            <line number="157" hits="0" branch="false"/>
            <line number="161" hits="6" branch="false"/>
            <line number="162" hits="6" branch="false"/>
            <line number="163" hits="6" branch="true" condition-coverage="50% (2/4)">
              <conditions>
                <condition number="0" type="jump" coverage="50%"/>
              </conditions>
            </line>
            <line number="164" hits="0" branch="false"/>
            <line number="167" hits="6" branch="false"/>
            <line number="170" hits="6" branch="false"/>
            <line number="171" hits="6" branch="true" condition-coverage="50% (2/4)">
              <conditions>
                <condition number="0" type="jump" coverage="50%"/>
              </conditions>
            </line>
            <line number="172" hits="0" branch="false"/>
            <line number="175" hits="6" branch="false"/>
            <line number="176" hits="6" branch="false"/>
            <line number="178" hits="6" branch="true" condition-coverage="50% (1/2)">
              <conditions>
                <condition number="0" type="jump" coverage="50%"/>
              </conditions>
            </line>
            <line number="179" hits="0" branch="false"/>
            <line number="180" hits="6" branch="false"/>
            <line number="181" hits="6" branch="true" condition-coverage="50% (1/2)">
              <conditions>
                <condition number="0" type="jump" coverage="50%"/>
              </conditions>
            </line>
            <line number="182" hits="0" branch="false"/>
            <line number="184" hits="6" branch="false"/>
            <line number="186" hits="6" branch="false"/>
            <line number="188" hits="0" branch="false"/>
            <line number="189" hits="0" branch="true" condition-coverage="0% (0/2)">
              <conditions>
                <condition number="0" type="jump" coverage="0%"/>
              </conditions>
            </line>
            <line number="191" hits="0" branch="false"/>
            <line number="193" hits="0" branch="false"/>
            <line number="194" hits="0" branch="true" condition-coverage="0% (0/2)">
              <conditions>
                <condition number="0" type="jump" coverage="0%"/>
              </conditions>
            </line>
            <line number="196" hits="0" branch="false"/>
            <line number="199" hits="6" branch="false"/>
            <line number="201" hits="6" branch="false"/>
            <line number="202" hits="6" branch="false"/>
            <line number="204" hits="6" branch="true" condition-coverage="50% (2/4)">
              <conditions>
                <condition number="0" type="jump" coverage="50%"/>
              </conditions>
            </line>
            <line number="206" hits="6" branch="false"/>
            <line number="207" hits="6" branch="false"/>
            <line number="210" hits="6" branch="false"/>
            <line number="214" hits="6" branch="false"/>
            <line number="216" hits="6" branch="false"/>
            <line number="220" hits="33" branch="false"/>
            <line number="222" hits="33" branch="false"/>
            <line number="227" hits="19" branch="false"/>
            <line number="229" hits="19" branch="false"/>
            <line number="230" hits="19" branch="false"/>
            <line number="233" hits="19" branch="true" condition-coverage="50% (1/2)">
              <conditions>
                <condition number="0" type="jump" coverage="50%"/>
              </conditions>
            </line>
            <line number="236" hits="0" branch="true" condition-coverage="0% (0/2)">
              <conditions>
                <condition number="0" type="jump" coverage="0%"/>
              </conditions>
            </line>
            <line number="239" hits="0" branch="false"/>
            <line number="240" hits="0" branch="false"/>
            <line number="242" hits="0" branch="false"/>
            <line number="243" hits="0" branch="false"/>
            <line number="246" hits="19" branch="true" condition-coverage="50% (1/2)">
              <conditions>
                <condition number="0" type="jump" coverage="50%"/>
              </conditions>
            </line>
            <line number="248" hits="0" branch="true" condition-coverage="0% (0/2)">
              <conditions>
                <condition number="0" type="jump" coverage="0%"/>
              </conditions>
            </line>
            <line number="250" hits="0" branch="false"/>
            <line number="252" hits="0" branch="false"/>
            <line number="253" hits="0" branch="false"/>
            <line number="256" hits="19" branch="false"/>
            <line number="263" hits="17" branch="false"/>
            <line number="265" hits="17" branch="false"/>
            <line number="266" hits="17" branch="false"/>
            <line number="269" hits="17" branch="true" condition-coverage="50% (1/2)">
              <conditions>
                <condition number="0" type="jump" coverage="50%"/>
              </conditions>
            </line>
            <line number="271" hits="17" branch="false"/>
            <line number="272" hits="17" branch="false"/>
            <line number="273" hits="17" branch="false"/>
            <line number="274" hits="17" branch="false"/>
            <line number="277" hits="17" branch="false"/>
            <line number="279" hits="17" branch="false"/>
            <line number="280" hits="17" branch="false"/>
            <line number="284" hits="17" branch="false"/>
            <line number="286" hits="17" branch="false"/>
            <line number="293" hits="2" branch="false"/>
            <line number="295" hits="2" branch="false"/>
            <line number="296" hits="2" branch="false"/>
            <line number="297" hits="2" branch="false"/>
            <line number="299" hits="2" branch="true" condition-coverage="50% (1/2)">
              <conditions>
                <condition number="0" type="jump" coverage="50%"/>
              </conditions>
            </line>
            <line number="301" hits="14" branch="true" condition-coverage="100% (2/2)">
              <conditions>
                <condition number="0" type="jump" coverage="100%"/>
              </conditions>
            </line>
            <line number="303" hits="12" branch="false"/>
            <line number="305" hits="2" branch="false"/>
            <line number="309" hits="2" branch="false"/>
            <line number="313" hits="2" branch="false"/>
            <line number="315" hits="2" branch="false"/>
            <line number="321" hits="10" branch="false"/>
            <line number="323" hits="10" branch="false"/>
            <line number="328" hits="10" branch="false"/>
            <line number="329" hits="10" branch="false"/>
            <line number="330" hits="10" branch="false"/>
            <line number="331" hits="10" branch="false"/>
            <line number="334" hits="10" branch="false"/>
            <line number="337" hits="10" branch="false"/>
            <line number="338" hits="10" branch="false"/>
            <line number="339" hits="10" branch="false"/>
            <line number="340" hits="10" branch="false"/>
            <line number="341" hits="10" branch="false"/>
            <line number="342" hits="10" branch="false"/>
            <line number="345" hits="1" branch="false"/>
            <line number="347" hits="1" branch="false"/>
            <line number="348" hits="1" branch="false"/>
            <line number="349" hits="1" branch="false"/>
            <line number="352" hits="1" branch="false"/>
            <line number="354" hits="1" branch="false"/>
            <line number="357" hits="1" branch="false"/>
            <line number="359" hits="1" branch="true" condition-coverage="50% (1/2)">
              <conditions>
                <condition number="0" type="jump" coverage="50%"/>
              </conditions>
            </line>
            <line number="361" hits="1" branch="false"/>
            <line number="362" hits="1" branch="false"/>
            <line number="365" hits="1" branch="false"/>
            <line number="368" hits="1" branch="false"/>
            <line number="370" hits="1" branch="false"/>
            <line number="371" hits="1" branch="false"/>
            <line number="372" hits="1" branch="false"/>
            <line number="375" hits="1" branch="false"/>
            <line number="376" hits="1" branch="true" condition-coverage="50% (1/2)">
              <conditions>
                <condition number="0" type="jump" coverage="50%"/>
              </conditions>
            </line>
            <line number="377" hits="0" branch="false"/>
            <line number="384" hits="1" branch="true" condition-coverage="50% (1/2)">
              <conditions>
                <condition number="0" type="jump" coverage="50%"/>
              </conditions>
            </line>
            <line number="385" hits="0" branch="false"/>
            <line number="386" hits="1" branch="true" condition-coverage="50% (1/2)">
              <conditions>
                <condition number="0" type="jump" coverage="50%"/>
              </conditions>
            </line>
            <line number="387" hits="0" branch="false"/>
            <line number="389" hits="1" branch="false"/>
            <line number="391" hits="1" branch="true" condition-coverage="50% (1/2)">
              <conditions>
                <condition number="0" type="jump" coverage="50%"/>
              </conditions>
            </line>
            <line number="393" hits="1" branch="false"/>
            <line number="397" hits="1" branch="false"/>
            <line number="399" hits="1" branch="false"/>
            <line number="400" hits="1" branch="true" condition-coverage="50% (1/2)">
              <conditions>
                <condition number="0" type="jump" coverage="50%"/>
              </conditions>
            </line>
            <line number="401" hits="1" branch="false"/>
            <line number="403" hits="1" branch="false"/>
            <line number="406" hits="1" branch="false"/>
            <line number="414" hits="1" branch="false"/>
            <line number="415" hits="1" branch="false"/>
            <line number="416" hits="1" branch="false"/>
            <line number="417" hits="1" branch="false"/>
            <line number="420" hits="1" branch="true" condition-coverage="50% (1/2)">
              <conditions>
                <condition number="0" type="jump" coverage="50%"/>
              </conditions>
            </line>
            <line number="421" hits="0" branch="false"/>
            <line number="424" hits="1" branch="false"/>
            <line number="426" hits="1" branch="true" condition-coverage="50% (1/2)">
              <conditions>
                <condition number="0" type="jump" coverage="50%"/>
              </conditions>
            </line>
            <line number="427" hits="0" branch="false"/>
            <line number="430" hits="1" branch="false"/>
            <line number="431" hits="1" branch="false"/>
            <line number="432" hits="1" branch="true" condition-coverage="50% (1/2)">
              <conditions>
                <condition number="0" type="jump" coverage="50%"/>
              </conditions>
            </line>
            <line number="433" hits="0" branch="false"/>
            <line number="436" hits="1" branch="false"/>
            <line number="438" hits="1" branch="false"/>
            <line number="441" hits="1" branch="false"/>
            <line number="443" hits="1" branch="false"/>
            <line number="447" hits="1" branch="false"/>
            <line number="448" hits="1" branch="true" condition-coverage="50% (1/2)">
              <conditions>
                <condition number="0" type="jump" coverage="50%"/>
              </conditions>
            </line>
            <line number="449" hits="0" branch="false"/>
            <line number="452" hits="2" branch="true" condition-coverage="100% (2/2)">
              <conditions>
                <condition number="0" type="jump" coverage="100%"/>
              </conditions>
            </line>
            <line number="455" hits="1" branch="false"/>
            <line number="456" hits="1" branch="true" condition-coverage="50% (2/4)">
              <conditions>
                <condition number="0" type="jump" coverage="50%"/>
              </conditions>
            </line>
            <line number="459" hits="0" branch="false"/>
            <line number="461" hits="0" branch="false"/>
            <line number="462" hits="0" branch="false"/>
            <line number="464" hits="1" branch="true" condition-coverage="50% (1/2)">
              <conditions>
                <condition number="0" type="jump" coverage="50%"/>
              </conditions>
            </line>
            <line number="465" hits="0" branch="false"/>
            <line number="468" hits="1" branch="false"/>
            <line number="469" hits="1" branch="true" condition-coverage="50% (1/2)">
              <conditions>
                <condition number="0" type="jump" coverage="50%"/>
              </conditions>
            </line>
            <line number="470" hits="0" branch="false"/>
            <line number="471" hits="1" branch="false"/>
            <line number="472" hits="1" branch="true" condition-coverage="50% (1/2)">
              <conditions>
                <condition number="0" type="jump" coverage="50%"/>
              </conditions>
            </line>
            <line number="473" hits="0" branch="false"/>
            <line number="476" hits="1" branch="true" condition-coverage="50% (1/2)">
              <conditions>
                <condition number="0" type="jump" coverage="50%"/>
              </conditions>
            </line>
            <line number="478" hits="1" branch="false"/>
            <line number="482" hits="0" branch="false"/>
            <line number="488" hits="1" branch="false"/>
            <line number="489" hits="1" branch="true" condition-coverage="50% (2/4)">
              <conditions>
                <condition number="0" type="jump" coverage="50%"/>
              </conditions>
            </line>
            <line number="491" hits="0" branch="false"/>
            <line number="495" hits="1" branch="false"/>
            <line number="498" hits="0" branch="false"/>
            <line number="502" hits="0" branch="false"/>
            <line number="503" hits="0" branch="false"/>
            <line number="504" hits="0" branch="false"/>
            <line number="507" hits="0" branch="true" condition-coverage="0% (0/2)">
              <conditions>
                <condition number="0" type="jump" coverage="0%"/>
              </conditions>
            </line>
            <line number="508" hits="0" branch="false"/>
            <line number="511" hits="0" branch="false"/>
            <line number="512" hits="0" branch="false"/>
            <line number="513" hits="0" branch="true" condition-coverage="0% (0/2)">
              <conditions>
                <condition number="0" type="jump" coverage="0%"/>
              </conditions>
            </line>
            <line number="514" hits="0" branch="false"/>
            <line number="517" hits="0" branch="false"/>
            <line number="518" hits="0" branch="true" condition-coverage="0% (0/4)">
              <conditions>
                <condition number="0" type="jump" coverage="0%"/>
              </conditions>
            </line>
            <line number="521" hits="0" branch="false"/>
            <line number="524" hits="0" branch="false"/>
            <line number="525" hits="0" branch="false"/>
            <line number="528" hits="0" branch="false"/>
            <line number="530" hits="0" branch="false"/>
            <line number="533" hits="0" branch="false"/>
            <line number="535" hits="0" branch="false"/>
            <line number="536" hits="0" branch="false"/>
            <line number="537" hits="0" branch="false"/>
            <line number="538" hits="0" branch="false"/>
            <line number="541" hits="0" branch="true" condition-coverage="0% (0/2)">
              <conditions>
                <condition number="0" type="jump" coverage="0%"/>
              </conditions>
            </line>
            <line number="542" hits="0" branch="false"/>
            <line number="545" hits="0" branch="false"/>
            <line number="546" hits="0" branch="true" condition-coverage="0% (0/2)">
              <conditions>
                <condition number="0" type="jump" coverage="0%"/>
              </conditions>
            </line>
            <line number="547" hits="0" branch="false"/>
            <line number="548" hits="0" branch="false"/>
            <line number="551" hits="0" branch="false"/>
            <line number="552" hits="0" branch="true" condition-coverage="0% (0/2)">
              <conditions>
                <condition number="0" type="jump" coverage="0%"/>
              </conditions>
            </line>
            <line number="553" hits="0" branch="false"/>
            <line number="554" hits="0" branch="false"/>
            <line number="557" hits="0" branch="false"/>
            <line number="561" hits="0" branch="false"/>
            <line number="563" hits="0" branch="false"/>
            <line number="564" hits="0" branch="true" condition-coverage="0% (0/2)">
              <conditions>
                <condition number="0" type="jump" coverage="0%"/>
              </conditions>
            </line>
            <line number="565" hits="0" branch="false"/>
            <line number="569" hits="0" branch="false"/>
            <line number="572" hits="2" branch="false"/>
            <line number="574" hits="2" branch="false"/>
            <line number="576" hits="6" branch="true" condition-coverage="100% (4/4)">
              <conditions>
                <condition number="0" type="jump" coverage="100%"/>
              </conditions>
            </line>
            <line number="578" hits="4" branch="false"/>
            <line number="581" hits="2" branch="false"/>
            <line number="584" hits="2" branch="false"/>
            <line number="586" hits="2" branch="false"/>
            <line number="587" hits="2" branch="false"/>
            <line number="588" hits="2" branch="false"/>
            <line number="589" hits="2" branch="false"/>
            <line number="592" hits="2" branch="false"/>
            <line number="595" hits="2" branch="false"/>
            <line number="596" hits="2" branch="false"/>
            <line number="597" hits="2" branch="false"/>
            <line number="598" hits="2" branch="false"/>
            <line number="599" hits="2" branch="false"/>
            <line number="600" hits="6" branch="true" condition-coverage="100% (4/4)">
              <conditions>
                <condition number="0" type="jump" coverage="100%"/>
              </conditions>
            </line>
            <line number="603" hits="4" branch="false"/>
            <line number="604" hits="4" branch="false"/>
            <line number="606" hits="4" branch="false"/>
            <line number="607" hits="4" branch="false"/>
            <line number="611" hits="2" branch="false"/>
            <line number="613" hits="2" branch="true" condition-coverage="50% (1/2)">
              <conditions>
                <condition number="0" type="jump" coverage="50%"/>
              </conditions>
            </line>
            <line number="615" hits="2" branch="false"/>
            <line number="616" hits="2" branch="false"/>
            <line number="618" hits="2" branch="true" condition-coverage="50% (1/2)">
              <conditions>
                <condition number="0" type="jump" coverage="50%"/>
              </conditions>
            </line>
            <line number="620" hits="2" branch="false"/>
            <line number="624" hits="4" branch="false"/>
            <line number="626" hits="4" branch="false"/>
            <line number="629" hits="2" branch="false"/>
            <line number="632" hits="2" branch="false"/>
            <line number="633" hits="2" branch="false"/>
            <line number="636" hits="2" branch="true" condition-coverage="50% (1/2)">
              <conditions>
                <condition number="0" type="jump" coverage="50%"/>
              </conditions>
            </line>
            <line number="637" hits="0" branch="false"/>
            <line number="640" hits="2" branch="true" condition-coverage="100% (2/2)">
              <conditions>
                <condition number="0" type="jump" coverage="100%"/>
              </conditions>
            </line>
            <line number="641" hits="1" branch="false"/>
            <line number="644" hits="1" branch="false"/>
            <line number="646" hits="1" branch="true" condition-coverage="50% (1/2)">
              <conditions>
                <condition number="0" type="jump" coverage="50%"/>
              </conditions>
            </line>
            <line number="647" hits="0" branch="false"/>
            <line number="650" hits="1" branch="false"/>
            <line number="652" hits="2" branch="false"/>
            <line number="654" hits="2" branch="false"/>
            <line number="657" hits="1" branch="false"/>
            <line number="660" hits="1" branch="false"/>
            <line number="661" hits="1" branch="false"/>
            <line number="664" hits="1" branch="true" condition-coverage="50% (1/2)">
              <conditions>
                <condition number="0" type="jump" coverage="50%"/>
              </conditions>
            </line>
            <line number="665" hits="0" branch="false"/>
            <line number="668" hits="1" branch="false"/>
            <line number="669" hits="1" branch="false"/>
            <line number="670" hits="1" branch="true" condition-coverage="50% (1/2)">
              <conditions>
                <condition number="0" type="jump" coverage="50%"/>
              </conditions>
            </line>
            <line number="671" hits="0" branch="false"/>
            <line number="674" hits="1" branch="false"/>
            <line number="676" hits="1" branch="false"/>
            <line number="678" hits="1" branch="false"/>
            <line number="681" hits="1" branch="false"/>
            <line number="684" hits="1" branch="false"/>
            <line number="685" hits="1" branch="false"/>
            <line number="688" hits="1" branch="false"/>
            <line number="690" hits="1" branch="true" condition-coverage="50% (1/2)">
              <conditions>
                <condition number="0" type="jump" coverage="50%"/>
              </conditions>
            </line>
            <line number="692" hits="1" branch="false"/>
            <line number="693" hits="1" branch="false"/>
            <line number="696" hits="1" branch="false"/>
            <line number="699" hits="2" branch="false"/>
            <line number="703" hits="2" branch="false"/>
            <line number="704" hits="2" branch="false"/>
            <line number="707" hits="2" branch="true" condition-coverage="50% (1/2)">
              <conditions>
                <condition number="0" type="jump" coverage="50%"/>
              </conditions>
            </line>
            <line number="708" hits="0" branch="false"/>
            <line number="711" hits="2" branch="true" condition-coverage="100% (2/2)">
              <conditions>
                <condition number="0" type="jump" coverage="100%"/>
              </conditions>
            </line>
            <line number="712" hits="1" branch="false"/>
            <line number="715" hits="1" branch="false"/>
            <line number="717" hits="1" branch="true" condition-coverage="50% (1/2)">
              <conditions>
                <condition number="0" type="jump" coverage="50%"/>
              </conditions>
            </line>
            <line number="718" hits="0" branch="false"/>
            <line number="721" hits="1" branch="false"/>
            <line number="723" hits="2" branch="false"/>
            <line number="725" hits="2" branch="false"/>
            <line number="728" hits="0" branch="false"/>
            <line number="731" hits="0" branch="false"/>
            <line number="732" hits="0" branch="false"/>
            <line number="735" hits="0" branch="true" condition-coverage="0% (0/2)">
              <conditions>
                <condition number="0" type="jump" coverage="0%"/>
              </conditions>
            </line>
            <line number="736" hits="0" branch="false"/>
            <line number="739" hits="0" branch="false"/>
            <line number="740" hits="0" branch="false"/>
            <line number="741" hits="0" branch="true" condition-coverage="0% (0/2)">
              <conditions>
                <condition number="0" type="jump" coverage="0%"/>
              </conditions>
            </line>
            <line number="742" hits="0" branch="false"/>
            <line number="745" hits="0" branch="false"/>
            <line number="747" hits="0" branch="false"/>
            <line number="749" hits="0" branch="false"/>
            <line number="752" hits="3" branch="false"/>
            <line number="754" hits="3" branch="false"/>
            <line number="755" hits="3" branch="false"/>
            <line number="756" hits="3" branch="false"/>
            <line number="757" hits="3" branch="false"/>
            <line number="760" hits="3" branch="false"/>
            <line number="766" hits="3" branch="false"/>
            <line number="767" hits="3" branch="true" condition-coverage="50% (1/2)">
              <conditions>
                <condition number="0" type="jump" coverage="50%"/>
              </conditions>
            </line>
            <line number="768" hits="0" branch="false"/>
            <line number="769" hits="3" branch="true" condition-coverage="50% (1/2)">
              <conditions>
                <condition number="0" type="jump" coverage="50%"/>
              </conditions>
            </line>
            <line number="770" hits="0" branch="false"/>
            <line number="771" hits="3" branch="true" condition-coverage="50% (1/2)">
              <conditions>
                <condition number="0" type="jump" coverage="50%"/>
              </conditions>
            </line>
            <line number="772" hits="0" branch="false"/>
            <line number="773" hits="3" branch="true" condition-coverage="50% (1/2)">
              <conditions>
                <condition number="0" type="jump" coverage="50%"/>
              </conditions>
            </line>
            <line number="774" hits="0" branch="false"/>
            <line number="776" hits="3" branch="true" condition-coverage="50% (1/2)">
              <conditions>
                <condition number="0" type="jump" coverage="50%"/>
              </conditions>
            </line>
            <line number="777" hits="8" branch="true" condition-coverage="100% (2/2)">
              <conditions>
                <condition number="0" type="jump" coverage="100%"/>
              </conditions>
            </line>
            <line number="779" hits="5" branch="false"/>
            <line number="780" hits="5" branch="false"/>
            <line number="781" hits="5" branch="false"/>
            <line number="783" hits="5" branch="true" condition-coverage="50% (1/2)">
              <conditions>
                <condition number="0" type="jump" coverage="50%"/>
              </conditions>
            </line>
            <line number="785" hits="3" branch="true" condition-coverage="50% (1/2)">
              <conditions>
                <condition number="0" type="jump" coverage="50%"/>
              </conditions>
            </line>
            <line number="787" hits="0" branch="false"/>
            <line number="788" hits="3" branch="true" condition-coverage="50% (1/2)">
              <conditions>
                <condition number="0" type="jump" coverage="50%"/>
              </conditions>
            </line>
            <line number="789" hits="3" branch="false"/>
            <line number="791" hits="3" branch="false"/>
            <line number="794" hits="2" branch="false"/>
            <line number="797" hits="2" branch="false"/>
            <line number="798" hits="2" branch="false"/>
            <line number="799" hits="2" branch="false"/>
            <line number="802" hits="2" branch="true" condition-coverage="50% (1/2)">
              <conditions>
                <condition number="0" type="jump" coverage="50%"/>
              </conditions>
            </line>
            <line number="803" hits="0" branch="false"/>
            <line number="806" hits="2" branch="false"/>
            <line number="808" hits="2" branch="true" condition-coverage="50% (1/2)">
              <conditions>
                <condition number="0" type="jump" coverage="50%"/>
              </conditions>
            </line>
            <line number="809" hits="0" branch="false"/>
            <line number="812" hits="2" branch="false"/>
            <line number="814" hits="2" branch="false"/>
            <line number="816" hits="2" branch="false"/>
            <line number="819" hits="1" branch="false"/>
            <line number="822" hits="1" branch="false"/>
            <line number="823" hits="1" branch="false"/>
            <line number="824" hits="1" branch="false"/>
            <line number="827" hits="1" branch="true" condition-coverage="50% (1/2)">
              <conditions>
                <condition number="0" type="jump" coverage="50%"/>
              </conditions>
            </line>
            <line number="828" hits="0" branch="false"/>
            <line number="831" hits="1" branch="false"/>
            <line number="833" hits="1" branch="true" condition-coverage="50% (1/2)">
              <conditions>
                <condition number="0" type="jump" coverage="50%"/>
              </conditions>
            </line>
            <line number="834" hits="0" branch="false"/>
            <line number="837" hits="1" branch="false"/>
            <line number="839" hits="1" branch="false"/>
            <line number="841" hits="1" branch="false"/>
            <line number="844" hits="2" branch="false"/>
            <line number="846" hits="2" branch="false"/>
            <line number="847" hits="2" branch="false"/>
            <line number="850" hits="2" branch="false"/>
            <line number="855" hits="2" branch="true" condition-coverage="50% (1/2)">
              <conditions>
                <condition number="0" type="jump" coverage="50%"/>
              </conditions>
            </line>
            <line number="857" hits="0" branch="true" condition-coverage="0% (0/2)">
              <conditions>
                <condition number="0" type="jump" coverage="0%"/>
              </conditions>
            </line>
            <line number="858" hits="0" branch="false"/>
            <line number="860" hits="2" branch="true" condition-coverage="100% (2/2)">
              <conditions>
                <condition number="0" type="jump" coverage="100%"/>
              </conditions>
            </line>
            <line number="862" hits="1" branch="true" condition-coverage="50% (1/2)">
              <conditions>
                <condition number="0" type="jump" coverage="50%"/>
              </conditions>
            </line>
            <line number="863" hits="1" branch="false"/>
            <line number="864" hits="1" branch="false"/>
            <line number="866" hits="1" branch="false"/>
            <line number="867" hits="1" branch="true" condition-coverage="50% (1/2)">
              <conditions>
                <condition number="0" type="jump" coverage="50%"/>
              </conditions>
            </line>
            <line number="868" hits="1" branch="false"/>
            <line number="870" hits="0" branch="false"/>
            <line number="871" hits="2" branch="true" condition-coverage="50% (1/2)">
              <conditions>
                <condition number="0" type="jump" coverage="50%"/>
              </conditions>
            </line>
            <line number="872" hits="2" branch="false"/>
            <line number="874" hits="2" branch="false"/>
            <line number="877" hits="2" branch="false"/>
            <line number="880" hits="2" branch="false"/>
            <line number="881" hits="2" branch="false"/>
            <line number="882" hits="2" branch="false"/>
            <line number="885" hits="2" branch="true" condition-coverage="50% (1/2)">
              <conditions>
                <condition number="0" type="jump" coverage="50%"/>
              </conditions>
            </line>
            <line number="886" hits="0" branch="false"/>
            <line number="889" hits="2" branch="false"/>
            <line number="891" hits="2" branch="true" condition-coverage="50% (1/2)">
              <conditions>
                <condition number="0" type="jump" coverage="50%"/>
              </conditions>
            </line>
            <line number="892" hits="0" branch="false"/>
            <line number="895" hits="2" branch="false"/>
            <line number="897" hits="2" branch="false"/>
            <line number="899" hits="2" branch="false"/>
            <line number="902" hits="0" branch="false"/>
            <line number="905" hits="0" branch="false"/>
            <line number="906" hits="0" branch="false"/>
            <line number="907" hits="0" branch="false"/>
            <line number="910" hits="0" branch="true" condition-coverage="0% (0/2)">
              <conditions>
                <condition number="0" type="jump" coverage="0%"/>
              </conditions>
            </line>
            <line number="911" hits="0" branch="false"/>
            <line number="914" hits="0" branch="false"/>
            <line number="916" hits="0" branch="true" condition-coverage="0% (0/2)">
              <conditions>
                <condition number="0" type="jump" coverage="0%"/>
              </conditions>
            </line>
            <line number="917" hits="0" branch="false"/>
            <line number="920" hits="0" branch="false"/>
            <line number="922" hits="0" branch="false"/>
            <line number="924" hits="0" branch="false"/>
            <line number="927" hits="9" branch="false"/>
            <line number="929" hits="9" branch="false"/>
            <line number="930" hits="9" branch="false"/>
            <line number="931" hits="9" branch="false"/>
            <line number="934" hits="9" branch="false"/>
            <line number="938" hits="9" branch="false"/>
            <line number="940" hits="9" branch="false"/>
            <line number="943" hits="9" branch="false"/>
            <line number="945" hits="9" branch="true" condition-coverage="50% (1/2)">
              <conditions>
                <condition number="0" type="jump" coverage="50%"/>
              </conditions>
            </line>
            <line number="947" hits="9" branch="false"/>
            <line number="948" hits="9" branch="false"/>
            <line number="951" hits="9" branch="false"/>
            <line number="955" hits="3" branch="false"/>
            <line number="958" hits="3" branch="false"/>
            <line number="959" hits="3" branch="false"/>
            <line number="962" hits="3" branch="true" condition-coverage="50% (1/2)">
              <conditions>
                <condition number="0" type="jump" coverage="50%"/>
              </conditions>
            </line>
            <line number="963" hits="0" branch="false"/>
            <line number="966" hits="3" branch="false"/>
            <line number="967" hits="3" branch="false"/>
            <line number="968" hits="3" branch="true" condition-coverage="50% (1/2)">
              <conditions>
                <condition number="0" type="jump" coverage="50%"/>
              </conditions>
            </line>
            <line number="969" hits="0" branch="false"/>
            <line number="972" hits="3" branch="false"/>
            <line number="974" hits="3" branch="false"/>
            <line number="976" hits="3" branch="false"/>
            <line number="979" hits="6" branch="false"/>
            <line number="982" hits="6" branch="false"/>
            <line number="983" hits="6" branch="false"/>
            <line number="984" hits="6" branch="false"/>
            <line number="985" hits="6" branch="false"/>
            <line number="986" hits="6" branch="false"/>
            <line number="989" hits="6" branch="true" condition-coverage="50% (1/2)">
              <conditions>
                <condition number="0" type="jump" coverage="50%"/>
              </conditions>
            </line>
            <line number="991" hits="6" branch="false"/>
            <line number="994" hits="6" branch="true" condition-coverage="50% (1/2)">
              <conditions>
                <condition number="0" type="jump" coverage="50%"/>
              </conditions>
            </line>
            <line number="997" hits="0" branch="false"/>
            <line number="1000" hits="6" branch="true" condition-coverage="50% (1/2)">
              <conditions>
                <condition number="0" type="jump" coverage="50%"/>
              </conditions>
            </line>
            <line number="1002" hits="6" branch="false"/>
            <line number="1005" hits="6" branch="false"/>
            <line number="1009" hits="6" branch="false"/>
            <line number="1014" hits="6" branch="false"/>
            <line number="1015" hits="6" branch="false"/>
            <line number="1016" hits="6" branch="false"/>
            <line number="1019" hits="6" branch="true" condition-coverage="50% (1/2)">
              <conditions>
                <condition number="0" type="jump" coverage="50%"/>
              </conditions>
            </line>
            <line number="1020" hits="0" branch="false"/>
            <line number="1023" hits="6" branch="true" condition-coverage="50% (1/2)">
              <conditions>
                <condition number="0" type="jump" coverage="50%"/>
              </conditions>
            </line>
            <line number="1025" hits="0" branch="false"/>
            <line number="1029" hits="6" branch="false"/>
            <line number="1030" hits="6" branch="false"/>
            <line number="1031" hits="6" branch="true" condition-coverage="50% (1/2)">
              <conditions>
                <condition number="0" type="jump" coverage="50%"/>
              </conditions>
            </line>
            <line number="1032" hits="0" branch="false"/>
            <line number="1035" hits="6" branch="false"/>
            <line number="1036" hits="6" branch="false"/>
            <line number="1037" hits="6" branch="false"/>
            <line number="1038" hits="6" branch="false"/>
            <line number="1039" hits="6" branch="true" condition-coverage="50% (1/2)">
              <conditions>
                <condition number="0" type="jump" coverage="50%"/>
              </conditions>
            </line>
            <line number="1040" hits="0" branch="false"/>
            <line number="1043" hits="6" branch="false"/>
            <line number="1044" hits="6" branch="true" condition-coverage="50% (1/2)">
              <conditions>
                <condition number="0" type="jump" coverage="50%"/>
              </conditions>
            </line>
            <line number="1045" hits="0" branch="false"/>
            <line number="1046" hits="6" branch="false"/>
            <line number="1048" hits="6" branch="false"/>
            <line number="1052" hits="6" branch="false"/>
            <line number="1054" hits="6" branch="false"/>
            <line number="1055" hits="6" branch="false"/>
            <line number="1057" hits="6" branch="false"/>
            <line number="1060" hits="0" branch="false"/>
            <line number="1062" hits="0" branch="false"/>
            <line number="1063" hits="0" branch="false"/>
            <line number="1066" hits="0" branch="false"/>
            <line number="1068" hits="0" branch="true" condition-coverage="0% (0/2)">
              <conditions>
                <condition number="0" type="jump" coverage="0%"/>
              </conditions>
            </line>
            <line number="1070" hits="0" branch="false"/>
            <line number="1071" hits="0" branch="false"/>
            <line number="1074" hits="0" branch="false"/>
            <line number="1080" hits="0" branch="false"/>
            <line number="1083" hits="0" branch="false"/>
            <line number="1084" hits="0" branch="false"/>
            <line number="1085" hits="0" branch="false"/>
            <line number="1086" hits="0" branch="false"/>
            <line number="1089" hits="0" branch="true" condition-coverage="0% (0/2)">
              <conditions>
                <condition number="0" type="jump" coverage="0%"/>
              </conditions>
            </line>
            <line number="1090" hits="0" branch="false"/>
            <line number="1093" hits="0" branch="true" condition-coverage="0% (0/2)">
              <conditions>
                <condition number="0" type="jump" coverage="0%"/>
              </conditions>
            </line>
            <line number="1096" hits="0" branch="false"/>
            <line number="1100" hits="0" branch="true" condition-coverage="0% (0/2)">
              <conditions>
                <condition number="0" type="jump" coverage="0%"/>
              </conditions>
            </line>
            <line number="1103" hits="0" branch="false"/>
            <line number="1104" hits="0" branch="false"/>
            <line number="1105" hits="0" branch="false"/>
            <line number="1110" hits="0" branch="false"/>
            <line number="1113" hits="0" branch="false"/>
            <line number="1115" hits="0" branch="true" condition-coverage="0% (0/2)">
              <conditions>
                <condition number="0" type="jump" coverage="0%"/>
              </conditions>
            </line>
            <line number="1116" hits="0" branch="false"/>
            <line number="1119" hits="0" branch="false"/>
            <line number="1121" hits="0" branch="false"/>
            <line number="1122" hits="0" branch="true" condition-coverage="0% (0/2)">
              <conditions>
                <condition number="0" type="jump" coverage="0%"/>
              </conditions>
            </line>
            <line number="1124" hits="0" branch="false"/>
            <line number="1127" hits="0" branch="false"/>
            <line number="1130" hits="0" branch="false"/>
            <line number="1131" hits="0" branch="false"/>
            <line number="1132" hits="0" branch="false"/>
            <line number="1135" hits="0" branch="true" condition-coverage="0% (0/2)">
              <conditions>
                <condition number="0" type="jump" coverage="0%"/>
              </conditions>
            </line>
            <line number="1136" hits="0" branch="false"/>
            <line number="1139" hits="0" branch="true" condition-coverage="0% (0/2)">
              <conditions>
                <condition number="0" type="jump" coverage="0%"/>
              </conditions>
            </line>
            <line number="1142" hits="0" branch="false"/>
            <line number="1147" hits="0" branch="false"/>
            <line number="1149" hits="0" branch="false"/>
            <line number="1151" hits="0" branch="true" condition-coverage="0% (0/2)">
              <conditions>
                <condition number="0" type="jump" coverage="0%"/>
              </conditions>
            </line>
            <line number="1152" hits="0" branch="false"/>
            <line number="1155" hits="0" branch="false"/>
            <line number="1157" hits="0" branch="false"/>
            <line number="1159" hits="0" branch="false"/>
            <line number="1162" hits="0" branch="false"/>
            <line number="1164" hits="0" branch="false"/>
            <line number="1165" hits="0" branch="false"/>
            <line number="1168" hits="0" branch="false"/>
            <line number="1170" hits="0" branch="true" condition-coverage="0% (0/2)">
              <conditions>
                <condition number="0" type="jump" coverage="0%"/>
              </conditions>
            </line>
            <line number="1172" hits="0" branch="false"/>
            <line number="1173" hits="0" branch="false"/>
            <line number="1176" hits="0" branch="false"/>
            <line number="1180" hits="0" branch="false"/>
            <line number="1183" hits="0" branch="false"/>
            <line number="1184" hits="0" branch="false"/>
            <line number="1187" hits="0" branch="true" condition-coverage="0% (0/2)">
              <conditions>
                <condition number="0" type="jump" coverage="0%"/>
              </conditions>
            </line>
            <line number="1188" hits="0" branch="false"/>
            <line number="1190" hits="0" branch="false"/>
            <line number="1192" hits="0" branch="true" condition-coverage="0% (0/2)">
              <conditions>
                <condition number="0" type="jump" coverage="0%"/>
              </conditions>
            </line>
            <line number="1193" hits="0" branch="false"/>
            <line number="1195" hits="0" branch="false"/>
            <line number="1197" hits="0" branch="false"/>
            <line number="1199" hits="0" branch="false"/>
            <line number="1203" hits="0" branch="false"/>
            <line number="1206" hits="0" branch="false"/>
            <line number="1207" hits="0" branch="false"/>
            <line number="1210" hits="0" branch="true" condition-coverage="0% (0/2)">
              <conditions>
                <condition number="0" type="jump" coverage="0%"/>
              </conditions>
            </line>
            <line number="1211" hits="0" branch="false"/>
            <line number="1213" hits="0" branch="false"/>
            <line number="1215" hits="0" branch="true" condition-coverage="0% (0/2)">
              <conditions>
                <condition number="0" type="jump" coverage="0%"/>
              </conditions>
            </line>
            <line number="1216" hits="0" branch="false"/>
            <line number="1218" hits="0" branch="false"/>
            <line number="1220" hits="0" branch="false"/>
            <line number="1222" hits="0" branch="false"/>
            <line number="1227" hits="0" branch="false"/>
            <line number="1229" hits="0" branch="false"/>
            <line number="1230" hits="0" branch="false"/>
            <line number="1231" hits="0" branch="false"/>
            <line number="1232" hits="0" branch="false"/>
            <line number="1233" hits="0" branch="false"/>
            <line number="1236" hits="0" branch="true" condition-coverage="0% (0/2)">
              <conditions>
                <condition number="0" type="jump" coverage="0%"/>
              </conditions>
            </line>
            <line number="1237" hits="0" branch="false"/>
            <line number="1240" hits="0" branch="false"/>
            <line number="1241" hits="0" branch="true" condition-coverage="0% (0/2)">
              <conditions>
                <condition number="0" type="jump" coverage="0%"/>
              </conditions>
            </line>
            <line number="1244" hits="0" branch="false"/>
            <line number="1245" hits="0" branch="false"/>
            <line number="1247" hits="0" branch="false"/>
            <line number="1258" hits="0" branch="true" condition-coverage="0% (0/2)">
              <conditions>
                <condition number="0" type="jump" coverage="0%"/>
              </conditions>
            </line>
            <line number="1259" hits="0" branch="false"/>
            <line number="1260" hits="0" branch="true" condition-coverage="0% (0/2)">
              <conditions>
                <condition number="0" type="jump" coverage="0%"/>
              </conditions>
            </line>
            <line number="1261" hits="0" branch="false"/>
            <line number="1263" hits="0" branch="false"/>
            <line number="1265" hits="0" branch="true" condition-coverage="0% (0/2)">
              <conditions>
                <condition number="0" type="jump" coverage="0%"/>
              </conditions>
            </line>
            <line number="1267" hits="0" branch="false"/>
            <line number="1271" hits="0" branch="false"/>
            <line number="1273" hits="0" branch="false"/>
            <line number="1274" hits="0" branch="true" condition-coverage="0% (0/2)">
              <conditions>
                <condition number="0" type="jump" coverage="0%"/>
              </conditions>
            </line>
            <line number="1275" hits="0" branch="false"/>
            <line number="1277" hits="0" branch="false"/>
          </lines>
        </class>
      </classes>
    </package>
  </packages>
</coverage>
